Using pre-set license
Built from '2020.3/staging' branch; Version is '2020.3.24f1 (79c78de19888) revision 7980941'; Using compiler version '192528614'; Build Type 'Release'
OS: 'Windows 10  (10.0.19042) 64bit Professional' Language: 'ko' Physical Memory: 16266 MB
BatchMode: 1, IsHumanControllingUs: 0, StartBugReporterOnCrash: 0, Is64bit: 1, IsPro: 0

COMMAND LINE ARGUMENTS:
C:\Program Files\Unity\Hub\Editor\2020.3.24f1\Editor\Unity.exe
-adb2
-batchMode
-noUpm
-name
AssetImportWorker0
-projectPath
C:/Work/UnityWork/AmusementPark/AmusementPark/Lego_Viking/Viking
-logFile
Logs/AssetImportWorker0.log
-srvPort
56890
Successfully changed project path to: C:/Work/UnityWork/AmusementPark/AmusementPark/Lego_Viking/Viking
C:/Work/UnityWork/AmusementPark/AmusementPark/Lego_Viking/Viking
Using Asset Import Pipeline V2.
Refreshing native plugins compatible for Editor in 44.45 ms, found 2 plugins.
Preloading 0 native plugins for Editor in 0.00 ms.
Initialize engine version: 2020.3.24f1 (79c78de19888)
[Subsystems] Discovering subsystems at path C:/Program Files/Unity/Hub/Editor/2020.3.24f1/Editor/Data/Resources/UnitySubsystems
[Subsystems] Discovering subsystems at path C:/Work/UnityWork/AmusementPark/AmusementPark/Lego_Viking/Viking/Assets
GfxDevice: creating device client; threaded=0
Direct3D:
    Version:  Direct3D 11.0 [level 11.1]
    Renderer: NVIDIA GeForce GTX 1070 (ID=0x1ba1)
    Vendor:   
    VRAM:     8081 MB
    Driver:   24.21.13.9901
Initialize mono
Mono path[0] = 'C:/Program Files/Unity/Hub/Editor/2020.3.24f1/Editor/Data/Managed'
Mono path[1] = 'C:/Program Files/Unity/Hub/Editor/2020.3.24f1/Editor/Data/MonoBleedingEdge/lib/mono/unityjit'
Mono config path = 'C:/Program Files/Unity/Hub/Editor/2020.3.24f1/Editor/Data/MonoBleedingEdge/etc'
Using monoOptions --debugger-agent=transport=dt_socket,embedding=1,server=y,suspend=n,address=127.0.0.1:56176
Begin MonoManager ReloadAssembly
Registering precompiled unity dll's ...
Register platform support module: C:/Program Files/Unity/Hub/Editor/2020.3.24f1/Editor/Data/PlaybackEngines/WindowsStandaloneSupport/UnityEditor.WindowsStandalone.Extensions.dll
Registered in 0.001886 seconds.
Native extension for WindowsStandalone target not found
Refreshing native plugins compatible for Editor in 44.82 ms, found 2 plugins.
Preloading 0 native plugins for Editor in 0.00 ms.
Mono: successfully reloaded assembly
- Completed reload, in  0.707 seconds
Domain Reload Profiling:
	ReloadAssembly (707ms)
		BeginReloadAssembly (66ms)
			ExecutionOrderSort (0ms)
			DisableScriptedObjects (0ms)
			BackupInstance (0ms)
			ReleaseScriptingObjects (0ms)
			CreateAndSetChildDomain (1ms)
		EndReloadAssembly (555ms)
			LoadAssemblies (62ms)
			RebuildTransferFunctionScriptingTraits (0ms)
			SetupTypeCache (193ms)
			ReleaseScriptCaches (0ms)
			RebuildScriptCaches (39ms)
			SetupLoadedEditorAssemblies (202ms)
				LogAssemblyErrors (0ms)
				InitializePlatformSupportModulesInManaged (4ms)
				SetLoadedEditorAssemblies (0ms)
				RefreshPlugins (45ms)
				BeforeProcessingInitializeOnLoad (23ms)
				ProcessInitializeOnLoadAttributes (93ms)
				ProcessInitializeOnLoadMethodAttributes (37ms)
				AfterProcessingInitializeOnLoad (0ms)
				EditorAssembliesLoaded (0ms)
			ExecutionOrderSort2 (0ms)
			AwakeInstancesAfterBackupRestoration (0ms)
Platform modules already initialized, skipping
Registering precompiled user dll's ...
Registered in 0.004392 seconds.
Begin MonoManager ReloadAssembly
Native extension for WindowsStandalone target not found
Refreshing native plugins compatible for Editor in 0.34 ms, found 2 plugins.
Preloading 0 native plugins for Editor in 0.00 ms.
Mono: successfully reloaded assembly
- Completed reload, in  1.310 seconds
Domain Reload Profiling:
	ReloadAssembly (1312ms)
		BeginReloadAssembly (170ms)
			ExecutionOrderSort (0ms)
			DisableScriptedObjects (6ms)
			BackupInstance (0ms)
			ReleaseScriptingObjects (0ms)
			CreateAndSetChildDomain (24ms)
		EndReloadAssembly (1065ms)
			LoadAssemblies (98ms)
			RebuildTransferFunctionScriptingTraits (0ms)
			SetupTypeCache (355ms)
			ReleaseScriptCaches (0ms)
			RebuildScriptCaches (51ms)
			SetupLoadedEditorAssemblies (433ms)
				LogAssemblyErrors (0ms)
				InitializePlatformSupportModulesInManaged (5ms)
				SetLoadedEditorAssemblies (1ms)
				RefreshPlugins (0ms)
				BeforeProcessingInitializeOnLoad (111ms)
				ProcessInitializeOnLoadAttributes (290ms)
				ProcessInitializeOnLoadMethodAttributes (16ms)
				AfterProcessingInitializeOnLoad (9ms)
				EditorAssembliesLoaded (0ms)
			ExecutionOrderSort2 (0ms)
			AwakeInstancesAfterBackupRestoration (8ms)
Platform modules already initialized, skipping
========================================================================
Worker process is ready to serve import requests
Launched and connected shader compiler UnityShaderCompiler.exe after 0.10 seconds
Refreshing native plugins compatible for Editor in 0.38 ms, found 2 plugins.
Preloading 0 native plugins for Editor in 0.00 ms.
Unloading 1501 Unused Serialized files (Serialized files now loaded: 0)
System memory in use before: 71.3 MB.
System memory in use after: 71.4 MB.

Unloading 19 unused Assets to reduce memory usage. Loaded Objects now: 1935.
Total: 2.730600 ms (FindLiveObjects: 0.131900 ms CreateObjectMapping: 0.039900 ms MarkObjects: 2.451000 ms  DeleteObjects: 0.106700 ms)

AssetImportParameters requested are different than current active one (requested -> active):
  custom:framework-win-MediaFoundation: 216162199b28c13a410421893ffa2e32 -> 
  custom:video-decoder-ogg-theora: a1e56fd34408186e4bbccfd4996cb3dc -> 
  custom:container-muxer-webm: aa71ff27fc2769a1b78a27578f13a17b -> 
  custom:container-demuxer-webm: 4f35f7cbe854078d1ac9338744f61a02 -> 
  custom:container-demuxer-ogg: 62fdf1f143b41e24485cea50d1cbac27 -> 
  custom:video-encoder-webm-vp8: eb34c28f22e8b96e1ab97ce403110664 -> 
  custom:video-decoder-webm-vp8: 9c59270c3fd7afecdb556c50c9e8de78 -> 
  custom:audio-decoder-ogg-vorbis: bf7c407c2cedff20999df2af8eb42d56 -> 
  custom:audio-encoder-webm-vorbis: bf7c407c2cedff20999df2af8eb42d56 -> 
========================================================================
Received Import Request.
  path: Assets/Scenes/SH_Scene
  artifactKey: Guid(0816403b8047a5348a33c98cde9c6020) Importer(815301076,1909f56bfc062723c751e8b465ee728b)
Start importing Assets/Scenes/SH_Scene using Guid(0816403b8047a5348a33c98cde9c6020) Importer(815301076,1909f56bfc062723c751e8b465ee728b)  -> (artifact id: '9810aa2843fa559d0e70f777b8dc362b') in 0.011749 seconds 
  Import took 0.014871 seconds .

========================================================================
Received Import Request.
  Time since last request: 0.000839 seconds.
  path: Assets/Scenes/SH_Scene/New Scene 1.unity
  artifactKey: Guid(30e9051e657a311488a148076202e74e) Importer(815301076,1909f56bfc062723c751e8b465ee728b)
Start importing Assets/Scenes/SH_Scene/New Scene 1.unity using Guid(30e9051e657a311488a148076202e74e) Importer(815301076,1909f56bfc062723c751e8b465ee728b)  -> (artifact id: '582faea8dfe4da0474e380310a552f04') in 0.027898 seconds 
  Import took 0.031841 seconds .

========================================================================
Received Import Request.
  Time since last request: 33.133695 seconds.
  path: Assets/LegoLand/Viking/art/Character/BattleRoyaleHeroesPBR/Mesh/DefaultCharacterMesh.fbx
  artifactKey: Guid(9f078227c6f09b54392514bfaa25c741) Importer(815301076,1909f56bfc062723c751e8b465ee728b)
Start importing Assets/LegoLand/Viking/art/Character/BattleRoyaleHeroesPBR/Mesh/DefaultCharacterMesh.fbx using Guid(9f078227c6f09b54392514bfaa25c741) Importer(815301076,1909f56bfc062723c751e8b465ee728b)  -> (artifact id: 'd1c532228750564ba4eb7e347f1e5a0d') in 0.061083 seconds 
  Import took 0.064140 seconds .

========================================================================
Received Import Request.
  Time since last request: 2.430476 seconds.
  path: Assets/LegoLand/Viking/art/Weapon/BattleRoyaleHeroesPBR/Mesh
  artifactKey: Guid(64610cd9fcf922b478c137f9041a08cb) Importer(815301076,1909f56bfc062723c751e8b465ee728b)
Start importing Assets/LegoLand/Viking/art/Weapon/BattleRoyaleHeroesPBR/Mesh using Guid(64610cd9fcf922b478c137f9041a08cb) Importer(815301076,1909f56bfc062723c751e8b465ee728b)  -> (artifact id: '74952206536e5525d7dcdfde28f5574a') in 0.017642 seconds 
  Import took 0.021898 seconds .

========================================================================
Received Import Request.
  Time since last request: 0.981031 seconds.
  path: Assets/LegoLand/Viking/art/Weapon/BattleRoyaleHeroesPBR/Mesh/Weapon
  artifactKey: Guid(f861d66b94cb15e4a89f5677134afa3d) Importer(815301076,1909f56bfc062723c751e8b465ee728b)
Start importing Assets/LegoLand/Viking/art/Weapon/BattleRoyaleHeroesPBR/Mesh/Weapon using Guid(f861d66b94cb15e4a89f5677134afa3d) Importer(815301076,1909f56bfc062723c751e8b465ee728b)  -> (artifact id: '009c9b9023c37cbda71936b7fdbb4650') in 0.011649 seconds 
  Import took 0.016660 seconds .

========================================================================
Received Import Request.
  Time since last request: 0.040033 seconds.
  path: Assets/LegoLand/Viking/art/Weapon/BattleRoyaleHeroesPBR/Mesh/Weapon/Arrow.fbx
  artifactKey: Guid(7dd8d7195f12dca4d8e40772fc7d5263) Importer(815301076,1909f56bfc062723c751e8b465ee728b)
Start importing Assets/LegoLand/Viking/art/Weapon/BattleRoyaleHeroesPBR/Mesh/Weapon/Arrow.fbx using Guid(7dd8d7195f12dca4d8e40772fc7d5263) Importer(815301076,1909f56bfc062723c751e8b465ee728b)  -> (artifact id: '749bd4a61666e4db6172f1454c45e6a1') in 0.009793 seconds 
  Import took 0.013524 seconds .

========================================================================
Received Import Request.
  Time since last request: 0.000304 seconds.
  path: Assets/LegoLand/Viking/art/Weapon/BattleRoyaleHeroesPBR/Mesh/Weapon/Saw.fbx
  artifactKey: Guid(8a9672e1035029b45b60c0ba1448893d) Importer(815301076,1909f56bfc062723c751e8b465ee728b)
Start importing Assets/LegoLand/Viking/art/Weapon/BattleRoyaleHeroesPBR/Mesh/Weapon/Saw.fbx using Guid(8a9672e1035029b45b60c0ba1448893d) Importer(815301076,1909f56bfc062723c751e8b465ee728b)  -> (artifact id: '1780e8f6d544784764eb5eada4c375f3') in 0.013673 seconds 
  Import took 0.016370 seconds .

========================================================================
Received Import Request.
  Time since last request: 0.000491 seconds.
  path: Assets/LegoLand/Viking/art/Weapon/BattleRoyaleHeroesPBR/Mesh/Weapon/BazookaMissile.fbx
  artifactKey: Guid(f1d338e1382bddb498292a56a788d711) Importer(815301076,1909f56bfc062723c751e8b465ee728b)
Start importing Assets/LegoLand/Viking/art/Weapon/BattleRoyaleHeroesPBR/Mesh/Weapon/BazookaMissile.fbx using Guid(f1d338e1382bddb498292a56a788d711) Importer(815301076,1909f56bfc062723c751e8b465ee728b)  -> (artifact id: 'fb486653a224baa922fb898abcde5a30') in 0.017706 seconds 
  Import took 0.023009 seconds .

========================================================================
Received Import Request.
  Time since last request: 16.421825 seconds.
  path: Assets/LegoLand/Viking/art/Character/BattleRoyaleHeroesPBR/Mesh/Weapon/AssaultRifle.fbx
  artifactKey: Guid(5f28cab34d6efd942b7ab4583a8d663f) Importer(815301076,1909f56bfc062723c751e8b465ee728b)
Start importing Assets/LegoLand/Viking/art/Character/BattleRoyaleHeroesPBR/Mesh/Weapon/AssaultRifle.fbx using Guid(5f28cab34d6efd942b7ab4583a8d663f) Importer(815301076,1909f56bfc062723c751e8b465ee728b)  -> (artifact id: '0025b65e0db83b700ab88c9b5db7b0b8') in 0.013583 seconds 
  Import took 0.017463 seconds .

========================================================================
Received Import Request.
  Time since last request: 0.000390 seconds.
  path: Assets/LegoLand/Viking/art/Character/BattleRoyaleHeroesPBR/Animation/GrenadeStance/Dizzy_GND_Anim.fbx
  artifactKey: Guid(1496c115bd91e2d499106a144d824c9e) Importer(815301076,1909f56bfc062723c751e8b465ee728b)
Start importing Assets/LegoLand/Viking/art/Character/BattleRoyaleHeroesPBR/Animation/GrenadeStance/Dizzy_GND_Anim.fbx using Guid(1496c115bd91e2d499106a144d824c9e) Importer(815301076,1909f56bfc062723c751e8b465ee728b)  -> (artifact id: '48748d9d5127a7600928e5596be0a492') in 0.012531 seconds 
  Import took 0.016227 seconds .

========================================================================
Received Import Request.
  Time since last request: 0.000470 seconds.
  path: Assets/LegoLand/Viking/art/Character/BattleRoyaleHeroesPBR/Animation/AssaultRifleStance/DashBWD_AR_Anim.fbx
  artifactKey: Guid(76398003120e7174886590fd7005f87c) Importer(815301076,1909f56bfc062723c751e8b465ee728b)
Start importing Assets/LegoLand/Viking/art/Character/BattleRoyaleHeroesPBR/Animation/AssaultRifleStance/DashBWD_AR_Anim.fbx using Guid(76398003120e7174886590fd7005f87c) Importer(815301076,1909f56bfc062723c751e8b465ee728b)  -> (artifact id: 'fe41beee6170c1f39fe182eca96e417e') in 0.016315 seconds 
  Import took 0.020084 seconds .

========================================================================
Received Import Request.
  Time since last request: 0.000705 seconds.
  path: Assets/LegoLand/Viking/art/Character/BattleRoyaleHeroesPBR/Animation/GrenadeStance/GetHit01_GND_Anim.fbx
  artifactKey: Guid(1edf2e0c083e0e043901b735cd49a98c) Importer(815301076,1909f56bfc062723c751e8b465ee728b)
Start importing Assets/LegoLand/Viking/art/Character/BattleRoyaleHeroesPBR/Animation/GrenadeStance/GetHit01_GND_Anim.fbx using Guid(1edf2e0c083e0e043901b735cd49a98c) Importer(815301076,1909f56bfc062723c751e8b465ee728b)  -> (artifact id: 'a2136556e63816b7a647a8807a332bb9') in 0.012135 seconds 
  Import took 0.019496 seconds .

========================================================================
Received Import Request.
  Time since last request: 0.000574 seconds.
  path: Assets/LegoLand/Viking/art/Character/BattleRoyaleHeroesPBR/Animation/GrenadeStance/GetHit02_GND_Anim.fbx
  artifactKey: Guid(17a922e3dc9e40443b4bc139a16579ae) Importer(815301076,1909f56bfc062723c751e8b465ee728b)
Start importing Assets/LegoLand/Viking/art/Character/BattleRoyaleHeroesPBR/Animation/GrenadeStance/GetHit02_GND_Anim.fbx using Guid(17a922e3dc9e40443b4bc139a16579ae) Importer(815301076,1909f56bfc062723c751e8b465ee728b)  -> (artifact id: '69ef6d408ebe1c3ff3dea2ab98786c67') in 0.014434 seconds 
  Import took 0.017904 seconds .

========================================================================
Received Import Request.
  Time since last request: 0.000248 seconds.
  path: Assets/LegoLand/Viking/art/Character/BattleRoyaleHeroesPBR/Mesh/Weapon/Bazooka.fbx
  artifactKey: Guid(06cfba1a221c67a4fb7ec35fc01b4073) Importer(815301076,1909f56bfc062723c751e8b465ee728b)
Start importing Assets/LegoLand/Viking/art/Character/BattleRoyaleHeroesPBR/Mesh/Weapon/Bazooka.fbx using Guid(06cfba1a221c67a4fb7ec35fc01b4073) Importer(815301076,1909f56bfc062723c751e8b465ee728b)  -> (artifact id: '0b46788e4d95f1e9e0f7882b37af0ccf') in 0.010990 seconds 
  Import took 0.015770 seconds .

========================================================================
Received Import Request.
  Time since last request: 251.095055 seconds.
  path: Assets/BattleRoyaleHeroesPBR/Scene/Character.unity
  artifactKey: Guid(b082b2242d38c5142aeace1edc2d9a79) Importer(815301076,1909f56bfc062723c751e8b465ee728b)
Start importing Assets/BattleRoyaleHeroesPBR/Scene/Character.unity using Guid(b082b2242d38c5142aeace1edc2d9a79) Importer(815301076,1909f56bfc062723c751e8b465ee728b)  -> (artifact id: '22cf6a5bf9e22ad5569c258a9d32d12e') in 0.014627 seconds 
  Import took 0.020748 seconds .

========================================================================
Received Import Request.
  Time since last request: 7.678606 seconds.
  path: Assets/LegoLand/Viking/art
  artifactKey: Guid(041a513995b85af49acea30a7097bbd2) Importer(815301076,1909f56bfc062723c751e8b465ee728b)
Start importing Assets/LegoLand/Viking/art using Guid(041a513995b85af49acea30a7097bbd2) Importer(815301076,1909f56bfc062723c751e8b465ee728b)  -> (artifact id: 'cb06e1e3b19dfa6320b150873e8fa3ee') in 0.015526 seconds 
  Import took 0.019029 seconds .

========================================================================
Received Import Request.
  Time since last request: 4.140755 seconds.
  path: Assets/LegoLand/Viking/art/Character
  artifactKey: Guid(dceee319e4fa36e4aa09b16988b37586) Importer(815301076,1909f56bfc062723c751e8b465ee728b)
Start importing Assets/LegoLand/Viking/art/Character using Guid(dceee319e4fa36e4aa09b16988b37586) Importer(815301076,1909f56bfc062723c751e8b465ee728b)  -> (artifact id: 'a84de3e8d1f527d437bd8bec508eeb7d') in 0.012165 seconds 
  Import took 0.015652 seconds .

========================================================================
Received Import Request.
  Time since last request: 7.179765 seconds.
  path: Assets/LegoLand/Viking/art/New Folder
  artifactKey: Guid(d56f1ab607ab39b4e8f0b53f32b13e20) Importer(815301076,1909f56bfc062723c751e8b465ee728b)
Start importing Assets/LegoLand/Viking/art/New Folder using Guid(d56f1ab607ab39b4e8f0b53f32b13e20) Importer(815301076,1909f56bfc062723c751e8b465ee728b)  -> (artifact id: '80187f32b1759d173d6b239aaddb8fc7') in 0.009461 seconds 
  Import took 0.015411 seconds .

========================================================================
Received Import Request.
  Time since last request: 25.296960 seconds.
  path: Assets/LegoLand/Viking/art/Effect
  artifactKey: Guid(d56f1ab607ab39b4e8f0b53f32b13e20) Importer(815301076,1909f56bfc062723c751e8b465ee728b)
Start importing Assets/LegoLand/Viking/art/Effect using Guid(d56f1ab607ab39b4e8f0b53f32b13e20) Importer(815301076,1909f56bfc062723c751e8b465ee728b)  -> (artifact id: 'fbe0a43ddefcbbfcfa15c7d217db17fc') in 0.009855 seconds 
  Import took 0.015368 seconds .

========================================================================
Received Import Request.
  Time since last request: 10.228468 seconds.
  path: Assets/LegoLand/Viking/art/New Folder
  artifactKey: Guid(755259f9ef5bbd949b895ce50560e44c) Importer(815301076,1909f56bfc062723c751e8b465ee728b)
Start importing Assets/LegoLand/Viking/art/New Folder using Guid(755259f9ef5bbd949b895ce50560e44c) Importer(815301076,1909f56bfc062723c751e8b465ee728b)  -> (artifact id: '3e443f9142b9b22d070f00aa06edc5f0') in 0.007883 seconds 
  Import took 0.012760 seconds .

========================================================================
Received Import Request.
  Time since last request: 4.072291 seconds.
  path: Assets/LegoLand/Viking/art/Item
  artifactKey: Guid(755259f9ef5bbd949b895ce50560e44c) Importer(815301076,1909f56bfc062723c751e8b465ee728b)
Start importing Assets/LegoLand/Viking/art/Item using Guid(755259f9ef5bbd949b895ce50560e44c) Importer(815301076,1909f56bfc062723c751e8b465ee728b)  -> (artifact id: '85985504b5114f29da47128372da5bc9') in 0.012995 seconds 
  Import took 0.018777 seconds .

========================================================================
Received Import Request.
  Time since last request: 5.231331 seconds.
  path: Assets/LegoLand/Viking/art/Effect/PolygonParticleFX
  artifactKey: Guid(d74b1fea9b4b7ff40ac2f13f4ac100f7) Importer(815301076,1909f56bfc062723c751e8b465ee728b)
Start importing Assets/LegoLand/Viking/art/Effect/PolygonParticleFX using Guid(d74b1fea9b4b7ff40ac2f13f4ac100f7) Importer(815301076,1909f56bfc062723c751e8b465ee728b)  -> (artifact id: 'af1283e2944111f7dd4aa2a80efccf49') in 0.009810 seconds 
  Import took 0.013805 seconds .

========================================================================
Received Import Request.
  Time since last request: 11.721066 seconds.
  path: Assets/LegoLand/Viking/art/New Folder
  artifactKey: Guid(a3a817dbcd202464ea571aace049e8de) Importer(815301076,1909f56bfc062723c751e8b465ee728b)
Start importing Assets/LegoLand/Viking/art/New Folder using Guid(a3a817dbcd202464ea571aace049e8de) Importer(815301076,1909f56bfc062723c751e8b465ee728b)  -> (artifact id: '719b8fc54e8c0c69c5c6519c18dfc5b1') in 0.003367 seconds 
  Import took 0.006417 seconds .

========================================================================
Received Import Request.
  Time since last request: 2.951584 seconds.
  path: Assets/Scenes/Effect.unity
  artifactKey: Guid(9fc0d4010bbf28b4594072e72b8655ab) Importer(815301076,1909f56bfc062723c751e8b465ee728b)
Start importing Assets/Scenes/Effect.unity using Guid(9fc0d4010bbf28b4594072e72b8655ab) Importer(815301076,1909f56bfc062723c751e8b465ee728b)  -> (artifact id: '5b3d249e88578b22552b01bd0cbf60fe') in 0.014468 seconds 
  Import took 0.018474 seconds .

========================================================================
Received Import Request.
  Time since last request: 2.181427 seconds.
  path: Assets/LegoLand/Viking/art/Effect/PolygonParticleFX/Models/FX_Cylinder_01.fbx
  artifactKey: Guid(372ae975cf6643444ae1c6ef9cbd981f) Importer(815301076,1909f56bfc062723c751e8b465ee728b)
Start importing Assets/LegoLand/Viking/art/Effect/PolygonParticleFX/Models/FX_Cylinder_01.fbx using Guid(372ae975cf6643444ae1c6ef9cbd981f) Importer(815301076,1909f56bfc062723c751e8b465ee728b)  -> (artifact id: '5d3b8e7cad2023c1dd8d669a974af81f') in 0.155715 seconds 
  Import took 0.158934 seconds .

========================================================================
Received Import Request.
  Time since last request: 6.826905 seconds.
  path: Assets/LegoLand/Viking/art/Effect/PolygonParticleFX/Models/FX_Star.fbx
  artifactKey: Guid(e85294d06423fe64c8ff30e832f26a46) Importer(815301076,1909f56bfc062723c751e8b465ee728b)
Start importing Assets/LegoLand/Viking/art/Effect/PolygonParticleFX/Models/FX_Star.fbx using Guid(e85294d06423fe64c8ff30e832f26a46) Importer(815301076,1909f56bfc062723c751e8b465ee728b)  -> (artifact id: 'f04a432af7710d741b15baafdd89c3ce') in 0.032409 seconds 
  Import took 0.037382 seconds .

========================================================================
Received Import Request.
  Time since last request: 40.587139 seconds.
  path: Assets/LegoLand/Viking/art/Viking_attraction
  artifactKey: Guid(a3a817dbcd202464ea571aace049e8de) Importer(815301076,1909f56bfc062723c751e8b465ee728b)
Start importing Assets/LegoLand/Viking/art/Viking_attraction using Guid(a3a817dbcd202464ea571aace049e8de) Importer(815301076,1909f56bfc062723c751e8b465ee728b)  -> (artifact id: '65dea551e67fdcfabf7541cc8e16f580') in 0.011216 seconds 
  Import took 0.015884 seconds .

========================================================================
Received Import Request.
  Time since last request: 9.411488 seconds.
  path: Assets/LegoLand/Viking/art/New Folder
  artifactKey: Guid(b4e6fe155dd3a354284ed3e11291abdf) Importer(815301076,1909f56bfc062723c751e8b465ee728b)
Start importing Assets/LegoLand/Viking/art/New Folder using Guid(b4e6fe155dd3a354284ed3e11291abdf) Importer(815301076,1909f56bfc062723c751e8b465ee728b)  -> (artifact id: '21329cf615df94f263cd44978347f277') in 0.006778 seconds 
  Import took 0.015980 seconds .

========================================================================
Received Import Request.
  Time since last request: 16.886416 seconds.
  path: Assets/LegoLand/Viking/art/Weapon
  artifactKey: Guid(b4e6fe155dd3a354284ed3e11291abdf) Importer(815301076,1909f56bfc062723c751e8b465ee728b)
Start importing Assets/LegoLand/Viking/art/Weapon using Guid(b4e6fe155dd3a354284ed3e11291abdf) Importer(815301076,1909f56bfc062723c751e8b465ee728b)  -> (artifact id: '5302baefc3ae196b2eb6f72a98b40d8d') in 0.005237 seconds 
  Import took 0.008971 seconds .

========================================================================
Received Import Request.
  Time since last request: 4.152010 seconds.
  path: Assets/LegoLand/Viking/art/Viking_attraction/Amusement_Park
  artifactKey: Guid(27e12487b0075094d9fb60b1197f402a) Importer(815301076,1909f56bfc062723c751e8b465ee728b)
Start importing Assets/LegoLand/Viking/art/Viking_attraction/Amusement_Park using Guid(27e12487b0075094d9fb60b1197f402a) Importer(815301076,1909f56bfc062723c751e8b465ee728b)  -> (artifact id: '408f9bdf4bb8a925782b46425d1ac4c7') in 0.013038 seconds 
  Import took 0.018052 seconds .

========================================================================
Received Import Request.
  Time since last request: 1.093706 seconds.
  path: Assets/LegoLand/Viking/art/Viking_attraction/Amusement_Park/Scenes
  artifactKey: Guid(e7c8757669cf26e4eb6183f7f55b875f) Importer(815301076,1909f56bfc062723c751e8b465ee728b)
Start importing Assets/LegoLand/Viking/art/Viking_attraction/Amusement_Park/Scenes using Guid(e7c8757669cf26e4eb6183f7f55b875f) Importer(815301076,1909f56bfc062723c751e8b465ee728b)  -> (artifact id: 'a52572d73752fd291da25adfd006270c') in 0.010512 seconds 
  Import took 0.017150 seconds .

========================================================================
Received Import Request.
  Time since last request: 0.732754 seconds.
  path: Assets/LegoLand/Viking/art/Viking_attraction/Amusement_Park/Scenes/park.unity
  artifactKey: Guid(fcd05e287a0d473488cccc02e50b8344) Importer(815301076,1909f56bfc062723c751e8b465ee728b)
Start importing Assets/LegoLand/Viking/art/Viking_attraction/Amusement_Park/Scenes/park.unity using Guid(fcd05e287a0d473488cccc02e50b8344) Importer(815301076,1909f56bfc062723c751e8b465ee728b)  -> (artifact id: 'b3669891feb3feb23ebdad24446ef0be') in 0.015468 seconds 
  Import took 0.021645 seconds .

