Using pre-set license
Built from '2021.1/staging' branch; Version is '2021.1.17f1 (03b40fe07a36) revision 242703'; Using compiler version '192528614'; Build Type 'Release'
OS: 'Windows 10 Pro; OS build 19043.1348; Version 2009; 64bit' Language: 'ko' Physical Memory: 65446 MB
BatchMode: 1, IsHumanControllingUs: 0, StartBugReporterOnCrash: 0, Is64bit: 1, IsPro: 0

 COMMAND LINE ARGUMENTS:
C:\Program Files\Unity\Hub\Editor\2021.1.17f1\Editor\Unity.exe
-adb2
-batchMode
-noUpm
-name
AssetImportWorker0
-projectPath
C:/GitHub/Unity/AmusementPark/Ever_MerryGoRound/MerryGoRound
-logFile
Logs/AssetImportWorker0.log
-srvPort
58261
Successfully changed project path to: C:/GitHub/Unity/AmusementPark/Ever_MerryGoRound/MerryGoRound
C:/GitHub/Unity/AmusementPark/Ever_MerryGoRound/MerryGoRound
Using Asset Import Pipeline V2.
Refreshing native plugins compatible for Editor in 76.51 ms, found 3 plugins.
Preloading 0 native plugins for Editor in 0.00 ms.
Initialize engine version: 2021.1.17f1 (03b40fe07a36)
[Subsystems] Discovering subsystems at path C:/Program Files/Unity/Hub/Editor/2021.1.17f1/Editor/Data/Resources/UnitySubsystems
[Subsystems] Discovering subsystems at path C:/GitHub/Unity/AmusementPark/Ever_MerryGoRound/MerryGoRound/Assets
GfxDevice: creating device client; threaded=0; jobified=0
Direct3D:
    Version:  Direct3D 11.0 [level 11.1]
    Renderer: NVIDIA GeForce GTX 1060 3GB (ID=0x1c02)
    Vendor:   NVIDIA
    VRAM:     2988 MB
    Driver:   30.0.14.9613
Initialize mono
Mono path[0] = 'C:/Program Files/Unity/Hub/Editor/2021.1.17f1/Editor/Data/Managed'
Mono path[1] = 'C:/Program Files/Unity/Hub/Editor/2021.1.17f1/Editor/Data/MonoBleedingEdge/lib/mono/unityjit'
Mono config path = 'C:/Program Files/Unity/Hub/Editor/2021.1.17f1/Editor/Data/MonoBleedingEdge/etc'
Using monoOptions --debugger-agent=transport=dt_socket,embedding=1,server=y,suspend=n,address=127.0.0.1:56880
Begin MonoManager ReloadAssembly
Registering precompiled unity dll's ...
Register platform support module: C:/Program Files/Unity/Hub/Editor/2021.1.17f1/Editor/Data/PlaybackEngines/WindowsStandaloneSupport/UnityEditor.WindowsStandalone.Extensions.dll
Registered in 0.001544 seconds.
Native extension for WindowsStandalone target not found
Refreshing native plugins compatible for Editor in 77.75 ms, found 3 plugins.
Preloading 0 native plugins for Editor in 0.00 ms.
Mono: successfully reloaded assembly
- Completed reload, in  1.158 seconds
Domain Reload Profiling:
	ReloadAssembly (1158ms)
		BeginReloadAssembly (52ms)
			ExecutionOrderSort (0ms)
			DisableScriptedObjects (0ms)
			BackupInstance (0ms)
			ReleaseScriptingObjects (0ms)
			CreateAndSetChildDomain (1ms)
		EndReloadAssembly (391ms)
			LoadAssemblies (51ms)
			RebuildTransferFunctionScriptingTraits (0ms)
			SetupTypeCache (121ms)
			ReleaseScriptCaches (0ms)
			RebuildScriptCaches (28ms)
			SetupLoadedEditorAssemblies (202ms)
				LogAssemblyErrors (0ms)
				InitializePlatformSupportModulesInManaged (6ms)
				SetLoadedEditorAssemblies (0ms)
				RefreshPlugins (78ms)
				BeforeProcessingInitializeOnLoad (1ms)
				ProcessInitializeOnLoadAttributes (90ms)
				ProcessInitializeOnLoadMethodAttributes (26ms)
				AfterProcessingInitializeOnLoad (0ms)
				EditorAssembliesLoaded (0ms)
			ExecutionOrderSort2 (0ms)
			AwakeInstancesAfterBackupRestoration (0ms)
Platform modules already initialized, skipping
Registering precompiled user dll's ...
Registered in 0.004518 seconds.
Begin MonoManager ReloadAssembly
Symbol file LoadedFromMemory doesn't match image C:\GitHub\Unity\AmusementPark\Ever_MerryGoRound\MerryGoRound\Library\PackageCache\com.unity.visualscripting@1.6.1\Editor\VisualScripting.Core\Dependencies\YamlDotNet\Unity.VisualScripting.YamlDotNet.dll
Symbol file LoadedFromMemory doesn't match image C:\GitHub\Unity\AmusementPark\Ever_MerryGoRound\MerryGoRound\Library\PackageCache\com.unity.visualscripting@1.6.1\Editor\VisualScripting.Core\Dependencies\DotNetZip\Unity.VisualScripting.IonicZip.dll
Native extension for WindowsStandalone target not found
Refreshing native plugins compatible for Editor in 0.70 ms, found 3 plugins.
Preloading 0 native plugins for Editor in 0.00 ms.
Mono: successfully reloaded assembly
- Completed reload, in  1.011 seconds
Domain Reload Profiling:
	ReloadAssembly (1012ms)
		BeginReloadAssembly (126ms)
			ExecutionOrderSort (0ms)
			DisableScriptedObjects (5ms)
			BackupInstance (0ms)
			ReleaseScriptingObjects (0ms)
			CreateAndSetChildDomain (18ms)
		EndReloadAssembly (835ms)
			LoadAssemblies (76ms)
			RebuildTransferFunctionScriptingTraits (0ms)
			SetupTypeCache (256ms)
			ReleaseScriptCaches (0ms)
			RebuildScriptCaches (44ms)
			SetupLoadedEditorAssemblies (386ms)
				LogAssemblyErrors (0ms)
				InitializePlatformSupportModulesInManaged (5ms)
				SetLoadedEditorAssemblies (0ms)
				RefreshPlugins (1ms)
				BeforeProcessingInitializeOnLoad (63ms)
				ProcessInitializeOnLoadAttributes (307ms)
				ProcessInitializeOnLoadMethodAttributes (4ms)
				AfterProcessingInitializeOnLoad (5ms)
				EditorAssembliesLoaded (0ms)
			ExecutionOrderSort2 (0ms)
			AwakeInstancesAfterBackupRestoration (6ms)
Platform modules already initialized, skipping
========================================================================
Worker process is ready to serve import requests
Launched and connected shader compiler UnityShaderCompiler.exe after 0.05 seconds
Refreshing native plugins compatible for Editor in 0.71 ms, found 3 plugins.
Preloading 0 native plugins for Editor in 0.00 ms.
Unloading 2991 Unused Serialized files (Serialized files now loaded: 0)
System memory in use before: 116.0 MB.
System memory in use after: 116.2 MB.

Unloading 22 unused Assets to reduce memory usage. Loaded Objects now: 3437.
Total: 3.118700 ms (FindLiveObjects: 0.198200 ms CreateObjectMapping: 0.074500 ms MarkObjects: 2.789800 ms  DeleteObjects: 0.055600 ms)

AssetImportParameters requested are different than current active one (requested -> active):
  custom:framework-win-MediaFoundation: 216162199b28c13a410421893ffa2e32 -> 
  custom:video-decoder-ogg-theora: a1e56fd34408186e4bbccfd4996cb3dc -> 
  custom:container-muxer-webm: aa71ff27fc2769a1b78a27578f13a17b -> 
  custom:container-demuxer-webm: 4f35f7cbe854078d1ac9338744f61a02 -> 
  custom:container-demuxer-ogg: 62fdf1f143b41e24485cea50d1cbac27 -> 
  custom:video-encoder-webm-vp8: eb34c28f22e8b96e1ab97ce403110664 -> 
  custom:video-decoder-webm-vp8: 9c59270c3fd7afecdb556c50c9e8de78 -> 
  custom:audio-decoder-ogg-vorbis: bf7c407c2cedff20999df2af8eb42d56 -> 
  custom:audio-encoder-webm-vorbis: bf7c407c2cedff20999df2af8eb42d56 -> 
========================================================================
Received Import Request.
  path: Assets/Ever/MerryGoRound/art/Biking/Font
  artifactKey: Guid(6bfabb38bf846964bb8df3c88788c605) Importer(815301076,1909f56bfc062723c751e8b465ee728b)
Start importing Assets/Ever/MerryGoRound/art/Biking/Font using Guid(6bfabb38bf846964bb8df3c88788c605) Importer(815301076,1909f56bfc062723c751e8b465ee728b)  -> (artifact id: 'b2726bdd614689ce4318bc686764e434') in 0.009719 seconds 
========================================================================
Received Import Request.
  Time since last request: 0.000131 seconds.
  path: Assets/Ever/MerryGoRound/art/Biking/Animations/UI/ui_chest.anim
  artifactKey: Guid(a778fac485187fc4fa8affc96b143b33) Importer(815301076,1909f56bfc062723c751e8b465ee728b)
Start importing Assets/Ever/MerryGoRound/art/Biking/Animations/UI/ui_chest.anim using Guid(a778fac485187fc4fa8affc96b143b33) Importer(815301076,1909f56bfc062723c751e8b465ee728b)  -> (artifact id: '9c0e0551730bc799135987f600d4cb91') in 0.027153 seconds 
========================================================================
Received Import Request.
  Time since last request: 0.000138 seconds.
  path: Assets/Ever/MerryGoRound/art/Biking/Animations
  artifactKey: Guid(54d1ae06c09d44342819c5b70e5abe05) Importer(815301076,1909f56bfc062723c751e8b465ee728b)
Start importing Assets/Ever/MerryGoRound/art/Biking/Animations using Guid(54d1ae06c09d44342819c5b70e5abe05) Importer(815301076,1909f56bfc062723c751e8b465ee728b)  -> (artifact id: 'b46427c1e465de4a05f105a5a138542e') in 0.005389 seconds 
========================================================================
Received Import Request.
  Time since last request: 0.000125 seconds.
  path: Assets/Ever/MerryGoRound/art/Biking/Animations/UI
  artifactKey: Guid(fa059b0c54f73b844aeb34e82bb69803) Importer(815301076,1909f56bfc062723c751e8b465ee728b)
Start importing Assets/Ever/MerryGoRound/art/Biking/Animations/UI using Guid(fa059b0c54f73b844aeb34e82bb69803) Importer(815301076,1909f56bfc062723c751e8b465ee728b)  -> (artifact id: 'ed5360722eea634618cc71adf8153391') in 0.004613 seconds 
========================================================================
Received Import Request.
  Time since last request: 0.593644 seconds.
  path: Assets/Ever/MerryGoRound/art/Biking/Animations/UI/ui_endgame_failed.anim
  artifactKey: Guid(8c542b3e8af6e3b48960f3703241a899) Importer(815301076,1909f56bfc062723c751e8b465ee728b)
Start importing Assets/Ever/MerryGoRound/art/Biking/Animations/UI/ui_endgame_failed.anim using Guid(8c542b3e8af6e3b48960f3703241a899) Importer(815301076,1909f56bfc062723c751e8b465ee728b)  -> (artifact id: '6ea42152c9cb769da6b5e561b488fa6b') in 0.006174 seconds 
========================================================================
Received Import Request.
  Time since last request: 0.449047 seconds.
  path: Assets/Ever/MerryGoRound/art/Biking/Animations/UI/ui_home.anim
  artifactKey: Guid(2bb02249d084f064996c63c4b841c896) Importer(815301076,1909f56bfc062723c751e8b465ee728b)
Start importing Assets/Ever/MerryGoRound/art/Biking/Animations/UI/ui_home.anim using Guid(2bb02249d084f064996c63c4b841c896) Importer(815301076,1909f56bfc062723c751e8b465ee728b)  -> (artifact id: '81dde9793d52e6e8f6ab037e3403c8a3') in 0.006222 seconds 
========================================================================
Received Import Request.
  Time since last request: 0.335351 seconds.
  path: Assets/Ever/MerryGoRound/art/Biking/Animations/UI/ui_popup.anim
  artifactKey: Guid(b275f237fd107694f894936438a6463b) Importer(815301076,1909f56bfc062723c751e8b465ee728b)
Start importing Assets/Ever/MerryGoRound/art/Biking/Animations/UI/ui_popup.anim using Guid(b275f237fd107694f894936438a6463b) Importer(815301076,1909f56bfc062723c751e8b465ee728b)  -> (artifact id: '0063920b7da7b5389e63662ae4f6c0b7') in 0.005924 seconds 
========================================================================
Received Import Request.
  Time since last request: 0.384844 seconds.
  path: Assets/Ever/MerryGoRound/art/Biking/Animations/UI/ui_store.anim
  artifactKey: Guid(e8d9f65d3a289f34fb6adbd1956d26ac) Importer(815301076,1909f56bfc062723c751e8b465ee728b)
Start importing Assets/Ever/MerryGoRound/art/Biking/Animations/UI/ui_store.anim using Guid(e8d9f65d3a289f34fb6adbd1956d26ac) Importer(815301076,1909f56bfc062723c751e8b465ee728b)  -> (artifact id: 'b860469e4e8c8511685682de31b23f58') in 0.006189 seconds 
========================================================================
Received Import Request.
  Time since last request: 0.520700 seconds.
  path: Assets/Ever/MerryGoRound/art/Biking/Animations/UI/ui_ingame.anim
  artifactKey: Guid(8453dd8831962fe498099f34857ed872) Importer(815301076,1909f56bfc062723c751e8b465ee728b)
Start importing Assets/Ever/MerryGoRound/art/Biking/Animations/UI/ui_ingame.anim using Guid(8453dd8831962fe498099f34857ed872) Importer(815301076,1909f56bfc062723c751e8b465ee728b)  -> (artifact id: '5797f8233d7bfb9ba34ef69f1765a631') in 0.006007 seconds 
========================================================================
Received Import Request.
  Time since last request: 14.486752 seconds.
  path: Assets/Ever/MerryGoRound/src/Script
  artifactKey: Guid(e1467b9f1d99e104c8347927613dc081) Importer(815301076,1909f56bfc062723c751e8b465ee728b)
Start importing Assets/Ever/MerryGoRound/src/Script using Guid(e1467b9f1d99e104c8347927613dc081) Importer(815301076,1909f56bfc062723c751e8b465ee728b)  -> (artifact id: 'd1cdb65829d7e0d74841c42defd7ac71') in 0.005407 seconds 
========================================================================
Received Import Request.
  Time since last request: 1.777488 seconds.
  path: Assets/Ever/MerryGoRound/src/Script/UIScript
  artifactKey: Guid(5315004a89c5f5b47946024378eaa8ea) Importer(815301076,1909f56bfc062723c751e8b465ee728b)
Start importing Assets/Ever/MerryGoRound/src/Script/UIScript using Guid(5315004a89c5f5b47946024378eaa8ea) Importer(815301076,1909f56bfc062723c751e8b465ee728b)  -> (artifact id: 'c068063efb95b7a24adb7cc326bc2905') in 0.006516 seconds 
AssetImportWorkerClient::OnTransportError - code=2 error=End of file
