Using pre-set license
Built from '2021.1/staging' branch; Version is '2021.1.17f1 (03b40fe07a36) revision 242703'; Using compiler version '192528614'; Build Type 'Release'
OS: 'Windows 10 Home; OS build 19042.1415; Version 2009; 64bit' Language: 'ko' Physical Memory: 16317 MB
BatchMode: 1, IsHumanControllingUs: 0, StartBugReporterOnCrash: 0, Is64bit: 1, IsPro: 0

 COMMAND LINE ARGUMENTS:
E:\Unity 2021.1.17f1\Editor\Unity.exe
-adb2
-batchMode
-noUpm
-name
AssetImportWorker0
-projectPath
E:/ddd
-logFile
Logs/AssetImportWorker0.log
-srvPort
50841
Successfully changed project path to: E:/ddd
E:/ddd
Using Asset Import Pipeline V2.
Refreshing native plugins compatible for Editor in 56.64 ms, found 2 plugins.
Preloading 0 native plugins for Editor in 0.00 ms.
Initialize engine version: 2021.1.17f1 (03b40fe07a36)
[Subsystems] Discovering subsystems at path E:/Unity 2021.1.17f1/Editor/Data/Resources/UnitySubsystems
[Subsystems] Discovering subsystems at path E:/ddd/Assets
GfxDevice: creating device client; threaded=0; jobified=0
Direct3D:
    Version:  Direct3D 11.0 [level 11.1]
    Renderer: NVIDIA GeForce GTX 1650 (ID=0x1f82)
    Vendor:   NVIDIA
    VRAM:     3962 MB
    Driver:   27.21.14.5671
Initialize mono
Mono path[0] = 'E:/Unity 2021.1.17f1/Editor/Data/Managed'
Mono path[1] = 'E:/Unity 2021.1.17f1/Editor/Data/MonoBleedingEdge/lib/mono/unityjit'
Mono config path = 'E:/Unity 2021.1.17f1/Editor/Data/MonoBleedingEdge/etc'
Using monoOptions --debugger-agent=transport=dt_socket,embedding=1,server=y,suspend=n,address=127.0.0.1:56668
Begin MonoManager ReloadAssembly
Registering precompiled unity dll's ...
Register platform support module: E:/Unity 2021.1.17f1/Editor/Data/PlaybackEngines/WindowsStandaloneSupport/UnityEditor.WindowsStandalone.Extensions.dll
Registered in 0.001630 seconds.
Native extension for WindowsStandalone target not found
Refreshing native plugins compatible for Editor in 53.33 ms, found 2 plugins.
Preloading 0 native plugins for Editor in 0.00 ms.
Mono: successfully reloaded assembly
- Completed reload, in  1.149 seconds
Domain Reload Profiling:
	ReloadAssembly (1149ms)
		BeginReloadAssembly (82ms)
			ExecutionOrderSort (0ms)
			DisableScriptedObjects (0ms)
			BackupInstance (0ms)
			ReleaseScriptingObjects (0ms)
			CreateAndSetChildDomain (1ms)
		EndReloadAssembly (442ms)
			LoadAssemblies (82ms)
			RebuildTransferFunctionScriptingTraits (0ms)
			SetupTypeCache (177ms)
			ReleaseScriptCaches (0ms)
			RebuildScriptCaches (31ms)
			SetupLoadedEditorAssemblies (190ms)
				LogAssemblyErrors (0ms)
				InitializePlatformSupportModulesInManaged (6ms)
				SetLoadedEditorAssemblies (0ms)
				RefreshPlugins (53ms)
				BeforeProcessingInitializeOnLoad (1ms)
				ProcessInitializeOnLoadAttributes (98ms)
				ProcessInitializeOnLoadMethodAttributes (31ms)
				AfterProcessingInitializeOnLoad (0ms)
				EditorAssembliesLoaded (0ms)
			ExecutionOrderSort2 (0ms)
			AwakeInstancesAfterBackupRestoration (0ms)
Platform modules already initialized, skipping
Registering precompiled user dll's ...
Registered in 0.005126 seconds.
Begin MonoManager ReloadAssembly
Native extension for WindowsStandalone target not found
Refreshing native plugins compatible for Editor in 0.59 ms, found 2 plugins.
Preloading 0 native plugins for Editor in 0.00 ms.
Mono: successfully reloaded assembly
- Completed reload, in  1.482 seconds
Domain Reload Profiling:
	ReloadAssembly (1483ms)
		BeginReloadAssembly (179ms)
			ExecutionOrderSort (0ms)
			DisableScriptedObjects (5ms)
			BackupInstance (0ms)
			ReleaseScriptingObjects (0ms)
			CreateAndSetChildDomain (20ms)
		EndReloadAssembly (1245ms)
			LoadAssemblies (334ms)
			RebuildTransferFunctionScriptingTraits (0ms)
			SetupTypeCache (374ms)
			ReleaseScriptCaches (0ms)
			RebuildScriptCaches (41ms)
			SetupLoadedEditorAssemblies (405ms)
				LogAssemblyErrors (0ms)
				InitializePlatformSupportModulesInManaged (5ms)
				SetLoadedEditorAssemblies (0ms)
				RefreshPlugins (1ms)
				BeforeProcessingInitializeOnLoad (43ms)
				ProcessInitializeOnLoadAttributes (347ms)
				ProcessInitializeOnLoadMethodAttributes (5ms)
				AfterProcessingInitializeOnLoad (4ms)
				EditorAssembliesLoaded (0ms)
			ExecutionOrderSort2 (0ms)
			AwakeInstancesAfterBackupRestoration (7ms)
Platform modules already initialized, skipping
========================================================================
Worker process is ready to serve import requests
Launched and connected shader compiler UnityShaderCompiler.exe after 0.11 seconds
Refreshing native plugins compatible for Editor in 0.50 ms, found 2 plugins.
Preloading 0 native plugins for Editor in 0.00 ms.
Unloading 1479 Unused Serialized files (Serialized files now loaded: 0)
System memory in use before: 153.4 MB.
System memory in use after: 153.5 MB.

Unloading 19 unused Assets to reduce memory usage. Loaded Objects now: 1932.
Total: 2.952700 ms (FindLiveObjects: 0.126800 ms CreateObjectMapping: 0.044900 ms MarkObjects: 2.702300 ms  DeleteObjects: 0.077500 ms)

AssetImportParameters requested are different than current active one (requested -> active):
  custom:framework-win-MediaFoundation: 216162199b28c13a410421893ffa2e32 -> 
  custom:video-decoder-ogg-theora: a1e56fd34408186e4bbccfd4996cb3dc -> 
  custom:container-muxer-webm: aa71ff27fc2769a1b78a27578f13a17b -> 
  custom:container-demuxer-webm: 4f35f7cbe854078d1ac9338744f61a02 -> 
  custom:container-demuxer-ogg: 62fdf1f143b41e24485cea50d1cbac27 -> 
  custom:video-encoder-webm-vp8: eb34c28f22e8b96e1ab97ce403110664 -> 
  custom:video-decoder-webm-vp8: 9c59270c3fd7afecdb556c50c9e8de78 -> 
  custom:audio-decoder-ogg-vorbis: bf7c407c2cedff20999df2af8eb42d56 -> 
  custom:audio-encoder-webm-vorbis: bf7c407c2cedff20999df2af8eb42d56 -> 
========================================================================
Received Import Request.
  path: Assets
  artifactKey: Guid(00000000000000001000000000000000) Importer(815301076,1909f56bfc062723c751e8b465ee728b)
Start importing Assets using Guid(00000000000000001000000000000000) Importer(815301076,1909f56bfc062723c751e8b465ee728b)  -> (artifact id: 'a136212773665700e53849d449ac76cb') in 0.005945 seconds 
========================================================================
Received Import Request.
  Time since last request: 10.004406 seconds.
  path: Assets/Materals
  artifactKey: Guid(0d7854a1a33fed74caab0388edfeb652) Importer(815301076,1909f56bfc062723c751e8b465ee728b)
Start importing Assets/Materals using Guid(0d7854a1a33fed74caab0388edfeb652) Importer(815301076,1909f56bfc062723c751e8b465ee728b)  -> (artifact id: 'e1067bd0a2da7bc4a361f3ef11c8a67e') in 0.004648 seconds 
========================================================================
Received Import Request.
  Time since last request: 8.179630 seconds.
  path: Assets/Materals/New Material.mat
  artifactKey: Guid(27c0f854c976c3f4a954e5d432f08cd5) Importer(815301076,1909f56bfc062723c751e8b465ee728b)
Start importing Assets/Materals/New Material.mat using Guid(27c0f854c976c3f4a954e5d432f08cd5) Importer(815301076,1909f56bfc062723c751e8b465ee728b)  -> (artifact id: '0b63c0b9720bc7bab37c5225a105cb43') in 0.193030 seconds 
========================================================================
Received Import Request.
  Time since last request: 153.397575 seconds.
  path: Assets/Materals/New Material 1.mat
  artifactKey: Guid(d4747b83dd256464595aaa079bbdd6cc) Importer(815301076,1909f56bfc062723c751e8b465ee728b)
Start importing Assets/Materals/New Material 1.mat using Guid(d4747b83dd256464595aaa079bbdd6cc) Importer(815301076,1909f56bfc062723c751e8b465ee728b)  -> (artifact id: '9f9359b36c9614b8531bf34d78167ad1') in 0.012484 seconds 
========================================================================
Received Import Request.
  Time since last request: 12.226731 seconds.
  path: Assets/Materals/제동 장치 1.mat
  artifactKey: Guid(27c0f854c976c3f4a954e5d432f08cd5) Importer(815301076,1909f56bfc062723c751e8b465ee728b)
Start importing Assets/Materals/제동 장치 1.mat using Guid(27c0f854c976c3f4a954e5d432f08cd5) Importer(815301076,1909f56bfc062723c751e8b465ee728b)  -> (artifact id: 'bb13537df286bd2106e3fa0ee2f25163') in 0.012145 seconds 
========================================================================
Received Import Request.
  Time since last request: 13.365885 seconds.
  path: Assets/Materals/제동 장치 2.mat
  artifactKey: Guid(d4747b83dd256464595aaa079bbdd6cc) Importer(815301076,1909f56bfc062723c751e8b465ee728b)
Start importing Assets/Materals/제동 장치 2.mat using Guid(d4747b83dd256464595aaa079bbdd6cc) Importer(815301076,1909f56bfc062723c751e8b465ee728b)  -> (artifact id: 'cbe5f3b22ffe3ce3c15a889e734e9e49') in 0.010422 seconds 
========================================================================
Received Import Request.
  Time since last request: 2476.981402 seconds.
  path: Assets/Materals/New Material.mat
  artifactKey: Guid(6696cd15853738649878d483ce32589e) Importer(815301076,1909f56bfc062723c751e8b465ee728b)
Start importing Assets/Materals/New Material.mat using Guid(6696cd15853738649878d483ce32589e) Importer(815301076,1909f56bfc062723c751e8b465ee728b)  -> (artifact id: '7ca7f76bd184f8cbb392101a50a64dec') in 0.048131 seconds 
========================================================================
Received Import Request.
  Time since last request: 588.208938 seconds.
  path: Assets/Scenes/자이로드롭 사진.unity
  artifactKey: Guid(e362b6d990aad0b4aa3b646cb44a3a26) Importer(815301076,1909f56bfc062723c751e8b465ee728b)
Start importing Assets/Scenes/자이로드롭 사진.unity using Guid(e362b6d990aad0b4aa3b646cb44a3a26) Importer(815301076,1909f56bfc062723c751e8b465ee728b)  -> (artifact id: '58954357ccb322b62ab9b76ca65b17d3') in 0.020394 seconds 
========================================================================
Received Import Request.
  Time since last request: 650.100079 seconds.
  path: Assets/Scenes/자이로드롭 사진.unity
  artifactKey: Guid(e362b6d990aad0b4aa3b646cb44a3a26) Importer(815301076,1909f56bfc062723c751e8b465ee728b)
Start importing Assets/Scenes/자이로드롭 사진.unity using Guid(e362b6d990aad0b4aa3b646cb44a3a26) Importer(815301076,1909f56bfc062723c751e8b465ee728b)  -> (artifact id: 'e8d2b0df8c540bc99c3f209425011607') in 0.005236 seconds 
========================================================================
Received Import Request.
  Time since last request: 11.866473 seconds.
  path: Assets/Scenes/후름라이드씬.unity
  artifactKey: Guid(f12c3a467e5130a419241470adb87ec8) Importer(815301076,1909f56bfc062723c751e8b465ee728b)
Start importing Assets/Scenes/후름라이드씬.unity using Guid(f12c3a467e5130a419241470adb87ec8) Importer(815301076,1909f56bfc062723c751e8b465ee728b)  -> (artifact id: '1ea3b1fb0f52472b202280f9026fa807') in 0.005531 seconds 
========================================================================
Received Import Request.
  Time since last request: 0.631117 seconds.
  path: Assets/Scenes/SampleScene.unity
  artifactKey: Guid(9fc0d4010bbf28b4594072e72b8655ab) Importer(815301076,1909f56bfc062723c751e8b465ee728b)
Start importing Assets/Scenes/SampleScene.unity using Guid(9fc0d4010bbf28b4594072e72b8655ab) Importer(815301076,1909f56bfc062723c751e8b465ee728b)  -> (artifact id: '4e8ddccf4cbb7756d24f8d9b738ec4c9') in 0.003983 seconds 
========================================================================
Received Import Request.
  Time since last request: 121.517388 seconds.
  path: Assets/Materals/New Material.mat
  artifactKey: Guid(6696cd15853738649878d483ce32589e) Importer(815301076,1909f56bfc062723c751e8b465ee728b)
Start importing Assets/Materals/New Material.mat using Guid(6696cd15853738649878d483ce32589e) Importer(815301076,1909f56bfc062723c751e8b465ee728b)  -> (artifact id: '4790e37d19f5a12801d439a987d14f5f') in 0.011288 seconds 
========================================================================
Received Import Request.
  Time since last request: 0.000305 seconds.
  path: Assets/Materals/제동 장치 2.mat
  artifactKey: Guid(d4747b83dd256464595aaa079bbdd6cc) Importer(815301076,1909f56bfc062723c751e8b465ee728b)
Start importing Assets/Materals/제동 장치 2.mat using Guid(d4747b83dd256464595aaa079bbdd6cc) Importer(815301076,1909f56bfc062723c751e8b465ee728b)  -> (artifact id: '0ce83d2219fa5ca4bf5e08e36c45d2ba') in 0.010070 seconds 
========================================================================
Received Import Request.
  Time since last request: 0.000385 seconds.
  path: Assets/Materals/제동 장치 1.mat
  artifactKey: Guid(27c0f854c976c3f4a954e5d432f08cd5) Importer(815301076,1909f56bfc062723c751e8b465ee728b)
Start importing Assets/Materals/제동 장치 1.mat using Guid(27c0f854c976c3f4a954e5d432f08cd5) Importer(815301076,1909f56bfc062723c751e8b465ee728b)  -> (artifact id: 'de5390e340698e096b971e2b29d18b2a') in 0.013927 seconds 
========================================================================
Received Import Request.
  Time since last request: 22.852314 seconds.
  path: Assets/놀이기구 리소스 1/Scenes/Demo scene.unity
  artifactKey: Guid(90534343df6e028459935dacc2c6960d) Importer(815301076,1909f56bfc062723c751e8b465ee728b)
Start importing Assets/놀이기구 리소스 1/Scenes/Demo scene.unity using Guid(90534343df6e028459935dacc2c6960d) Importer(815301076,1909f56bfc062723c751e8b465ee728b)  -> (artifact id: 'b263761ad866caac1f9f5e0f6e456b2b') in 0.004751 seconds 
========================================================================
Received Import Request.
  Time since last request: 38.230955 seconds.
  path: Assets/Scenes/자이로드롭 사진.unity
  artifactKey: Guid(e362b6d990aad0b4aa3b646cb44a3a26) Importer(815301076,1909f56bfc062723c751e8b465ee728b)
Start importing Assets/Scenes/자이로드롭 사진.unity using Guid(e362b6d990aad0b4aa3b646cb44a3a26) Importer(815301076,1909f56bfc062723c751e8b465ee728b)  -> (artifact id: '74b936eef7f336581bc546c03e852ed4') in 0.014135 seconds 
AssetImportWorkerClient::OnTransportError - code=2 error=End of file
